TN:
SF:encryption.js
FN:10,encrypt
FN:19,decrypt
FNF:2
FNH:2
FNDA:3,encrypt
FNDA:1,decrypt
DA:4,1
DA:5,1
DA:6,1
DA:8,1
DA:11,3
DA:12,3
DA:13,3
DA:14,3
DA:16,3
DA:20,1
DA:22,1
DA:23,1
DA:24,0
DA:27,1
DA:28,1
DA:29,1
DA:31,1
LF:17
LH:16
BRDA:23,0,0,0
BRDA:23,0,1,1
BRF:2
BRH:1
end_of_record
TN:
SF:index.js
FN:21,verifyDID
FN:26,(anonymous_1)
FN:47,(anonymous_2)
FN:60,(anonymous_3)
FN:78,(anonymous_4)
FNF:5
FNH:2
FNDA:0,verifyDID
FNDA:3,(anonymous_1)
FNDA:3,(anonymous_2)
FNDA:0,(anonymous_3)
FNDA:0,(anonymous_4)
DA:1,1
DA:2,1
DA:3,1
DA:4,1
DA:5,1
DA:8,1
DA:10,1
DA:11,1
DA:12,1
DA:14,1
DA:23,0
DA:26,1
DA:27,3
DA:29,3
DA:30,3
DA:31,3
DA:33,3
DA:34,1
DA:37,2
DA:38,2
DA:39,2
DA:40,1
DA:42,1
DA:43,1
DA:47,1
DA:48,3
DA:50,3
DA:51,3
DA:52,3
DA:54,3
DA:55,1
DA:58,2
DA:61,0
DA:62,0
DA:66,1
DA:68,1
DA:69,1
DA:77,1
DA:78,0
DA:79,0
LF:40
LH:35
BRDA:11,0,0,1
BRDA:11,0,1,1
BRDA:33,1,0,1
BRDA:33,1,1,2
BRDA:54,2,0,1
BRDA:54,2,1,2
BRDA:77,3,0,0
BRDA:77,3,1,1
BRF:8
BRH:7
end_of_record
TN:
SF:zkp.js
FN:4,(anonymous_0)
FN:9,(anonymous_1)
FN:13,(anonymous_2)
FN:21,(anonymous_3)
FNF:4
FNH:3
FNDA:8,(anonymous_0)
FNDA:6,(anonymous_1)
FNDA:3,(anonymous_2)
FNDA:0,(anonymous_3)
DA:5,8
DA:6,8
DA:10,6
DA:14,3
DA:15,3
DA:16,3
DA:17,3
DA:18,3
DA:22,0
DA:23,0
LF:10
LH:8
BRDA:23,0,0,0
BRDA:23,0,1,0
BRF:2
BRH:0
end_of_record
